Arguments: 
  /Users/noerpaanakker/.nvm/versions/node/v16.14.2/bin/node /Users/noerpaanakker/.nvm/versions/node/v16.14.2/bin/yarn add -D eslint prettier eslint-config-prettier @typescript-eslint/eslint-plugin @typescript-eslint/eslint-parser

PATH: 
  /Users/noerpaanakker/.rvm/gems/ruby-2.7.6/bin:/Users/noerpaanakker/.rvm/gems/ruby-2.7.6@global/bin:/Users/noerpaanakker/.rvm/rubies/ruby-2.7.6/bin:/Users/noerpaanakker/.volta/bin:/Users/noerpaanakker/.docker/bin:/Users/noerpaanakker/.nvm/versions/node/v16.14.2/bin:/Users/noerpaanakker/.yarn/bin:/Users/noerpaanakker/.config/yarn/global/node_modules/.bin:/Users/noerpaanakker/.pyenv/shims:/Library/Frameworks/Python.framework/Versions/3.9/bin:/usr/local/bin:/usr/bin:/bin:/usr/sbin:/sbin:/opt/X11/bin:/Library/Apple/usr/bin:/Applications/Postgres.app/Contents/Versions/latest/bin:/Users/noerpaanakker/Library/Android/sdk/platform-tools:/Users/noerpaanakker/.rvm/gems/ruby-2.7.6/bin:/Users/noerpaanakker/.rvm/gems/ruby-2.7.6@global/bin:/Users/noerpaanakker/.rvm/rubies/ruby-2.7.6/bin:/Users/noerpaanakker/.volta/bin:/Users/noerpaanakker/.docker/bin:/Users/noerpaanakker/.nvm/versions/node/v16.14.2/bin:/Users/noerpaanakker/.yarn/bin:/Users/noerpaanakker/.config/yarn/global/node_modules/.bin:/Library/Frameworks/Python.framework/Versions/3.9/bin:/Users/noerpaanakker/.composer/vendor/bin:/Users/noerpaanakker/.rvm/bin:/Users/noerpaanakker/.composer/vendor/bin:/Users/noerpaanakker/.rvm/bin:/Users/noerpaanakker/.rvm/bin

Yarn version: 
  1.22.19

Node version: 
  16.14.2

Platform: 
  darwin x64

Trace: 
  Error: https://registry.yarnpkg.com/@typescript-eslint%2feslint-parser: Not found
      at Request.params.callback [as _callback] (/Users/noerpaanakker/.nvm/versions/node/v16.14.2/lib/node_modules/yarn/lib/cli.js:66145:18)
      at Request.self.callback (/Users/noerpaanakker/.nvm/versions/node/v16.14.2/lib/node_modules/yarn/lib/cli.js:140890:22)
      at Request.emit (node:events:526:28)
      at Request.<anonymous> (/Users/noerpaanakker/.nvm/versions/node/v16.14.2/lib/node_modules/yarn/lib/cli.js:141862:10)
      at Request.emit (node:events:526:28)
      at IncomingMessage.<anonymous> (/Users/noerpaanakker/.nvm/versions/node/v16.14.2/lib/node_modules/yarn/lib/cli.js:141784:12)
      at Object.onceWrapper (node:events:645:28)
      at IncomingMessage.emit (node:events:538:35)
      at endReadableNT (node:internal/streams/readable:1345:12)
      at processTicksAndRejections (node:internal/process/task_queues:83:21)

npm manifest: 
  {
    "name": "chatapp-backend",
    "version": "1.0.0",
    "description": "The backend for a TS chat app",
    "main": "index.js",
    "repository": "git@github.com:NoerGitKat/chatapp-backend.git",
    "author": "Noer Paanakker <noer@lightworksweb.nl>",
    "license": "MIT",
    "devDependencies": {
      "typescript": "^5.0.2"
    }
  }

yarn manifest: 
  No manifest

Lockfile: 
  # THIS IS AN AUTOGENERATED FILE. DO NOT EDIT THIS FILE DIRECTLY.
  # yarn lockfile v1
  
  
  typescript@^5.0.2:
    version "5.0.2"
    resolved "https://registry.yarnpkg.com/typescript/-/typescript-5.0.2.tgz#891e1a90c5189d8506af64b9ef929fca99ba1ee5"
    integrity sha512-wVORMBGO/FAs/++blGNeAVdbNKtIh1rbBL2EyQ1+J9lClJ93KiiKe8PmFIVdXhHcyv44SL9oglmfeSsndo0jRw==
